Analysis & Synthesis report for SerCommunication
Sun Jun 08 04:19:06 2025
Quartus Prime Version 20.1.0 Build 711 06/05/2020 SJ Lite Edition


---------------------
; Table of Contents ;
---------------------
  1. Legal Notice
  2. Analysis & Synthesis Summary
  3. Analysis & Synthesis Settings
  4. Parallel Compilation
  5. Analysis & Synthesis Source Files Read
  6. Analysis & Synthesis Resource Usage Summary
  7. Analysis & Synthesis Resource Utilization by Entity
  8. State Machine - |SerCommunication|s10000001detector:seqDetector|PS
  9. State Machine - |SerCommunication|Transmitter:transmitter|PS
 10. Registers Removed During Synthesis
 11. General Register Statistics
 12. Multiplexer Restructuring Statistics (Restructuring Performed)
 13. Parameter Settings for User Entity Instance: Transmitter:transmitter
 14. Parameter Settings for User Entity Instance: s10000001detector:seqDetector
 15. Port Connectivity Checks: "s10000001detector:seqDetector|Counter_3:cntr"
 16. Port Connectivity Checks: "Transmitter:transmitter|Counter_8:cntr"
 17. Post-Synthesis Netlist Statistics for Top Partition
 18. Elapsed Time Per Partition
 19. Analysis & Synthesis Messages



----------------
; Legal Notice ;
----------------
Copyright (C) 2020  Intel Corporation. All rights reserved.
Your use of Intel Corporation's design tools, logic functions 
and other software and tools, and any partner logic 
functions, and any output files from any of the foregoing 
(including device programming or simulation files), and any 
associated documentation or information are expressly subject 
to the terms and conditions of the Intel Program License 
Subscription Agreement, the Intel Quartus Prime License Agreement,
the Intel FPGA IP License Agreement, or other applicable license
agreement, including, without limitation, that your use is for
the sole purpose of programming logic devices manufactured by
Intel and sold by Intel or its authorized distributors.  Please
refer to the applicable agreement for further details, at
https://fpgasoftware.intel.com/eula.



+----------------------------------------------------------------------------------+
; Analysis & Synthesis Summary                                                     ;
+------------------------------------+---------------------------------------------+
; Analysis & Synthesis Status        ; Successful - Sun Jun 08 04:19:06 2025       ;
; Quartus Prime Version              ; 20.1.0 Build 711 06/05/2020 SJ Lite Edition ;
; Revision Name                      ; SerCommunication                            ;
; Top-level Entity Name              ; SerCommunication                            ;
; Family                             ; Cyclone IV GX                               ;
; Total logic elements               ; 36                                          ;
;     Total combinational functions  ; 36                                          ;
;     Dedicated logic registers      ; 16                                          ;
; Total registers                    ; 16                                          ;
; Total pins                         ; 6                                           ;
; Total virtual pins                 ; 0                                           ;
; Total memory bits                  ; 0                                           ;
; Embedded Multiplier 9-bit elements ; 0                                           ;
; Total GXB Receiver Channel PCS     ; 0                                           ;
; Total GXB Receiver Channel PMA     ; 0                                           ;
; Total GXB Transmitter Channel PCS  ; 0                                           ;
; Total GXB Transmitter Channel PMA  ; 0                                           ;
; Total PLLs                         ; 0                                           ;
+------------------------------------+---------------------------------------------+


+------------------------------------------------------------------------------------------------------------+
; Analysis & Synthesis Settings                                                                              ;
+------------------------------------------------------------------+--------------------+--------------------+
; Option                                                           ; Setting            ; Default Value      ;
+------------------------------------------------------------------+--------------------+--------------------+
; Device                                                           ; EP4CGX15BF14A7     ;                    ;
; Top-level entity name                                            ; SerCommunication   ; SerCommunication   ;
; Family name                                                      ; Cyclone IV GX      ; Cyclone V          ;
; Use smart compilation                                            ; Off                ; Off                ;
; Enable parallel Assembler and Timing Analyzer during compilation ; On                 ; On                 ;
; Enable compact report table                                      ; Off                ; Off                ;
; Restructure Multiplexers                                         ; Auto               ; Auto               ;
; Create Debugging Nodes for IP Cores                              ; Off                ; Off                ;
; Preserve fewer node names                                        ; On                 ; On                 ;
; Intel FPGA IP Evaluation Mode                                    ; Enable             ; Enable             ;
; Verilog Version                                                  ; Verilog_2001       ; Verilog_2001       ;
; VHDL Version                                                     ; VHDL_1993          ; VHDL_1993          ;
; State Machine Processing                                         ; Auto               ; Auto               ;
; Safe State Machine                                               ; Off                ; Off                ;
; Extract Verilog State Machines                                   ; On                 ; On                 ;
; Extract VHDL State Machines                                      ; On                 ; On                 ;
; Ignore Verilog initial constructs                                ; Off                ; Off                ;
; Iteration limit for constant Verilog loops                       ; 5000               ; 5000               ;
; Iteration limit for non-constant Verilog loops                   ; 250                ; 250                ;
; Add Pass-Through Logic to Inferred RAMs                          ; On                 ; On                 ;
; Infer RAMs from Raw Logic                                        ; On                 ; On                 ;
; Parallel Synthesis                                               ; On                 ; On                 ;
; DSP Block Balancing                                              ; Auto               ; Auto               ;
; NOT Gate Push-Back                                               ; On                 ; On                 ;
; Power-Up Don't Care                                              ; On                 ; On                 ;
; Remove Redundant Logic Cells                                     ; Off                ; Off                ;
; Remove Duplicate Registers                                       ; On                 ; On                 ;
; Ignore CARRY Buffers                                             ; Off                ; Off                ;
; Ignore CASCADE Buffers                                           ; Off                ; Off                ;
; Ignore GLOBAL Buffers                                            ; Off                ; Off                ;
; Ignore ROW GLOBAL Buffers                                        ; Off                ; Off                ;
; Ignore LCELL Buffers                                             ; Off                ; Off                ;
; Ignore SOFT Buffers                                              ; On                 ; On                 ;
; Limit AHDL Integers to 32 Bits                                   ; Off                ; Off                ;
; Optimization Technique                                           ; Balanced           ; Balanced           ;
; Carry Chain Length                                               ; 70                 ; 70                 ;
; Auto Carry Chains                                                ; On                 ; On                 ;
; Auto Open-Drain Pins                                             ; On                 ; On                 ;
; Perform WYSIWYG Primitive Resynthesis                            ; Off                ; Off                ;
; Auto ROM Replacement                                             ; On                 ; On                 ;
; Auto RAM Replacement                                             ; On                 ; On                 ;
; Auto DSP Block Replacement                                       ; On                 ; On                 ;
; Auto Shift Register Replacement                                  ; Auto               ; Auto               ;
; Allow Shift Register Merging across Hierarchies                  ; Auto               ; Auto               ;
; Auto Clock Enable Replacement                                    ; On                 ; On                 ;
; Strict RAM Replacement                                           ; Off                ; Off                ;
; Allow Synchronous Control Signals                                ; On                 ; On                 ;
; Force Use of Synchronous Clear Signals                           ; Off                ; Off                ;
; Auto RAM Block Balancing                                         ; On                 ; On                 ;
; Auto RAM to Logic Cell Conversion                                ; Off                ; Off                ;
; Auto Resource Sharing                                            ; Off                ; Off                ;
; Allow Any RAM Size For Recognition                               ; Off                ; Off                ;
; Allow Any ROM Size For Recognition                               ; Off                ; Off                ;
; Allow Any Shift Register Size For Recognition                    ; Off                ; Off                ;
; Use LogicLock Constraints during Resource Balancing              ; On                 ; On                 ;
; Ignore translate_off and synthesis_off directives                ; Off                ; Off                ;
; Timing-Driven Synthesis                                          ; On                 ; On                 ;
; Report Parameter Settings                                        ; On                 ; On                 ;
; Report Source Assignments                                        ; On                 ; On                 ;
; Report Connectivity Checks                                       ; On                 ; On                 ;
; Ignore Maximum Fan-Out Assignments                               ; Off                ; Off                ;
; Synchronization Register Chain Length                            ; 2                  ; 2                  ;
; Power Optimization During Synthesis                              ; Normal compilation ; Normal compilation ;
; HDL message level                                                ; Level2             ; Level2             ;
; Suppress Register Optimization Related Messages                  ; Off                ; Off                ;
; Number of Removed Registers Reported in Synthesis Report         ; 5000               ; 5000               ;
; Number of Swept Nodes Reported in Synthesis Report               ; 5000               ; 5000               ;
; Number of Inverted Registers Reported in Synthesis Report        ; 100                ; 100                ;
; Clock MUX Protection                                             ; On                 ; On                 ;
; Auto Gated Clock Conversion                                      ; Off                ; Off                ;
; Block Design Naming                                              ; Auto               ; Auto               ;
; SDC constraint protection                                        ; Off                ; Off                ;
; Synthesis Effort                                                 ; Auto               ; Auto               ;
; Shift Register Replacement - Allow Asynchronous Clear Signal     ; On                 ; On                 ;
; Pre-Mapping Resynthesis Optimization                             ; Off                ; Off                ;
; Analysis & Synthesis Message Level                               ; Medium             ; Medium             ;
; Disable Register Merging Across Hierarchies                      ; Auto               ; Auto               ;
; Resource Aware Inference For Block RAM                           ; On                 ; On                 ;
+------------------------------------------------------------------+--------------------+--------------------+


+------------------------------------------+
; Parallel Compilation                     ;
+----------------------------+-------------+
; Processors                 ; Number      ;
+----------------------------+-------------+
; Number detected on machine ; 12          ;
; Maximum allowed            ; 6           ;
;                            ;             ;
; Average used               ; 1.00        ;
; Maximum used               ; 6           ;
;                            ;             ;
; Usage by Processor         ; % Time Used ;
;     Processor 1            ; 100.0%      ;
;     Processors 2-6         ;   0.0%      ;
+----------------------------+-------------+


+---------------------------------------------------------------------------------------------------------------------------------------------------------------------+
; Analysis & Synthesis Source Files Read                                                                                                                              ;
+----------------------------------+-----------------+------------------------+-----------------------------------------------------------------------------+---------+
; File Name with User-Entered Path ; Used in Netlist ; File Type              ; File Name with Absolute Path                                                ; Library ;
+----------------------------------+-----------------+------------------------+-----------------------------------------------------------------------------+---------+
; SerCommunication.v               ; yes             ; User Verilog HDL File  ; D:/University/4th Semester/Digital Systems 1/CA5/Qu/Full/SerCommunication.v ;         ;
; Transmitter.v                    ; yes             ; User Verilog HDL File  ; D:/University/4th Semester/Digital Systems 1/CA5/Qu/Full/Transmitter.v      ;         ;
; SequenceDetector.v               ; yes             ; User Verilog HDL File  ; D:/University/4th Semester/Digital Systems 1/CA5/Qu/Full/SequenceDetector.v ;         ;
; Counter_8.v                      ; yes             ; User Verilog HDL File  ; D:/University/4th Semester/Digital Systems 1/CA5/Qu/Full/Counter_8.v        ;         ;
; Counter.v                        ; yes             ; User Verilog HDL File  ; D:/University/4th Semester/Digital Systems 1/CA5/Qu/Full/Counter.v          ;         ;
+----------------------------------+-----------------+------------------------+-----------------------------------------------------------------------------+---------+


+---------------------------------------------+
; Analysis & Synthesis Resource Usage Summary ;
+--------------------------+------------------+
; Resource                 ; Usage            ;
+--------------------------+------------------+
; I/O pins                 ; 6                ;
;                          ;                  ;
; DSP block 9-bit elements ; 0                ;
;                          ;                  ;
; Maximum fan-out node     ; clk~input        ;
; Maximum fan-out          ; 16               ;
; Total fan-out            ; 176              ;
; Average fan-out          ; 2.75             ;
+--------------------------+------------------+


+-------------------------------------------------------------------------------------------------------------------------------------------------------------------------------------------------------------------------------------------------------------------------------+
; Analysis & Synthesis Resource Utilization by Entity                                                                                                                                                                                                                           ;
+------------------------------------+---------------------+---------------------------+-------------+--------------+---------+-----------+-----------+------+--------------+----------------------------------------------------------------+-------------------+--------------+
; Compilation Hierarchy Node         ; Combinational ALUTs ; Dedicated Logic Registers ; Memory Bits ; DSP Elements ; DSP 9x9 ; DSP 18x18 ; DSP 36x36 ; Pins ; Virtual Pins ; Full Hierarchy Name                                            ; Entity Name       ; Library Name ;
+------------------------------------+---------------------+---------------------------+-------------+--------------+---------+-----------+-----------+------+--------------+----------------------------------------------------------------+-------------------+--------------+
; |SerCommunication                  ; 36 (1)              ; 16 (0)                    ; 0           ; 0            ; 0       ; 0         ; 0         ; 6    ; 0            ; |SerCommunication                                              ; SerCommunication  ; work         ;
;    |Transmitter:transmitter|       ; 23 (5)              ; 9 (2)                     ; 0           ; 0            ; 0       ; 0         ; 0         ; 0    ; 0            ; |SerCommunication|Transmitter:transmitter                      ; Transmitter       ; work         ;
;       |Counter_8:cntr|             ; 18 (18)             ; 7 (7)                     ; 0           ; 0            ; 0       ; 0         ; 0         ; 0    ; 0            ; |SerCommunication|Transmitter:transmitter|Counter_8:cntr       ; Counter_8         ; work         ;
;    |s10000001detector:seqDetector| ; 12 (5)              ; 7 (4)                     ; 0           ; 0            ; 0       ; 0         ; 0         ; 0    ; 0            ; |SerCommunication|s10000001detector:seqDetector                ; s10000001detector ; work         ;
;       |Counter_3:cntr|             ; 7 (7)               ; 3 (3)                     ; 0           ; 0            ; 0       ; 0         ; 0         ; 0    ; 0            ; |SerCommunication|s10000001detector:seqDetector|Counter_3:cntr ; Counter_3         ; work         ;
+------------------------------------+---------------------+---------------------------+-------------+--------------+---------+-----------+-----------+------+--------------+----------------------------------------------------------------+-------------------+--------------+
Note: For table entries with two numbers listed, the numbers in parentheses indicate the number of resources of the given type used by the specific entity alone. The numbers listed outside of parentheses indicate the total resources of the given type used by the specific entity and all of its sub-entities in the hierarchy.


Encoding Type:  One-Hot
+--------------------------------------------------------------------+
; State Machine - |SerCommunication|s10000001detector:seqDetector|PS ;
+----------+---------+----------+----------+-------------------------+
; Name     ; PS.Done ; PS.Count ; PS.Seen1 ; PS.Idle                 ;
+----------+---------+----------+----------+-------------------------+
; PS.Idle  ; 0       ; 0        ; 0        ; 0                       ;
; PS.Seen1 ; 0       ; 0        ; 1        ; 1                       ;
; PS.Count ; 0       ; 1        ; 0        ; 1                       ;
; PS.Done  ; 1       ; 0        ; 0        ; 1                       ;
+----------+---------+----------+----------+-------------------------+


Encoding Type:  One-Hot
+--------------------------------------------------------------+
; State Machine - |SerCommunication|Transmitter:transmitter|PS ;
+------------+---------+---------+-----------------------------+
; Name       ; PS.Idle ; PS.Done ; PS.Count97                  ;
+------------+---------+---------+-----------------------------+
; PS.Idle    ; 0       ; 0       ; 0                           ;
; PS.Count97 ; 1       ; 0       ; 1                           ;
; PS.Done    ; 1       ; 1       ; 0                           ;
+------------+---------+---------+-----------------------------+


+------------------------------------------------------------+
; Registers Removed During Synthesis                         ;
+---------------------------------------+--------------------+
; Register name                         ; Reason for Removal ;
+---------------------------------------+--------------------+
; s10000001detector:seqDetector|PS~4    ; Lost fanout        ;
; s10000001detector:seqDetector|PS~5    ; Lost fanout        ;
; s10000001detector:seqDetector|PS~6    ; Lost fanout        ;
; Transmitter:transmitter|PS.Done       ; Lost fanout        ;
; Total Number of Removed Registers = 4 ;                    ;
+---------------------------------------+--------------------+


+------------------------------------------------------+
; General Register Statistics                          ;
+----------------------------------------------+-------+
; Statistic                                    ; Value ;
+----------------------------------------------+-------+
; Total registers                              ; 16    ;
; Number of registers using Synchronous Clear  ; 0     ;
; Number of registers using Synchronous Load   ; 0     ;
; Number of registers using Asynchronous Clear ; 16    ;
; Number of registers using Asynchronous Load  ; 0     ;
; Number of registers using Clock Enable       ; 0     ;
; Number of registers using Preset             ; 0     ;
+----------------------------------------------+-------+


+------------------------------------------------------------------------------------------------------------------------------------------------------------------------------------+
; Multiplexer Restructuring Statistics (Restructuring Performed)                                                                                                                     ;
+--------------------+-----------+---------------+----------------------+------------------------+------------+----------------------------------------------------------------------+
; Multiplexer Inputs ; Bus Width ; Baseline Area ; Area if Restructured ; Saving if Restructured ; Registered ; Example Multiplexer Output                                           ;
+--------------------+-----------+---------------+----------------------+------------------------+------------+----------------------------------------------------------------------+
; 3:1                ; 3 bits    ; 6 LEs         ; 3 LEs                ; 3 LEs                  ; Yes        ; |SerCommunication|s10000001detector:seqDetector|Counter_3:cntr|PO[2] ;
; 3:1                ; 7 bits    ; 14 LEs        ; 7 LEs                ; 7 LEs                  ; Yes        ; |SerCommunication|Transmitter:transmitter|Counter_8:cntr|PO[6]       ;
+--------------------+-----------+---------------+----------------------+------------------------+------------+----------------------------------------------------------------------+


+----------------------------------------------------------------------+
; Parameter Settings for User Entity Instance: Transmitter:transmitter ;
+----------------+-------+---------------------------------------------+
; Parameter Name ; Value ; Type                                        ;
+----------------+-------+---------------------------------------------+
; Idle           ; 00    ; Unsigned Binary                             ;
; Count97        ; 01    ; Unsigned Binary                             ;
; Done           ; 10    ; Unsigned Binary                             ;
+----------------+-------+---------------------------------------------+
Note: In order to hide this table in the UI and the text report file, please set the "Show Parameter Settings in Synthesis Report" option in "Analysis and Synthesis Settings -> More Settings" to "Off".


+----------------------------------------------------------------------------+
; Parameter Settings for User Entity Instance: s10000001detector:seqDetector ;
+----------------+-------+---------------------------------------------------+
; Parameter Name ; Value ; Type                                              ;
+----------------+-------+---------------------------------------------------+
; Idle           ; 000   ; Unsigned Binary                                   ;
; Seen1          ; 001   ; Unsigned Binary                                   ;
; Count          ; 010   ; Unsigned Binary                                   ;
; Done           ; 011   ; Unsigned Binary                                   ;
+----------------+-------+---------------------------------------------------+
Note: In order to hide this table in the UI and the text report file, please set the "Show Parameter Settings in Synthesis Report" option in "Analysis and Synthesis Settings -> More Settings" to "Off".


+-----------------------------------------------------------------------------------------------------------------+
; Port Connectivity Checks: "s10000001detector:seqDetector|Counter_3:cntr"                                        ;
+-------+--------+----------+-------------------------------------------------------------------------------------+
; Port  ; Type   ; Severity ; Details                                                                             ;
+-------+--------+----------+-------------------------------------------------------------------------------------+
; PI[2] ; Input  ; Info     ; Stuck at GND                                                                        ;
; PI[1] ; Input  ; Info     ; Stuck at VCC                                                                        ;
; PI[0] ; Input  ; Info     ; Stuck at GND                                                                        ;
; PO    ; Output ; Info     ; Connected to dangling logic. Logic that only feeds a dangling port will be removed. ;
+-------+--------+----------+-------------------------------------------------------------------------------------+


+--------------------------------------------------------------------------------------------------------------------+
; Port Connectivity Checks: "Transmitter:transmitter|Counter_8:cntr"                                                 ;
+----------+--------+----------+-------------------------------------------------------------------------------------+
; Port     ; Type   ; Severity ; Details                                                                             ;
+----------+--------+----------+-------------------------------------------------------------------------------------+
; PI[4..0] ; Input  ; Info     ; Stuck at VCC                                                                        ;
; PI[6..5] ; Input  ; Info     ; Stuck at GND                                                                        ;
; ci       ; Input  ; Info     ; Stuck at VCC                                                                        ;
; PO       ; Output ; Info     ; Connected to dangling logic. Logic that only feeds a dangling port will be removed. ;
+----------+--------+----------+-------------------------------------------------------------------------------------+


+-----------------------------------------------------+
; Post-Synthesis Netlist Statistics for Top Partition ;
+-----------------------+-----------------------------+
; Type                  ; Count                       ;
+-----------------------+-----------------------------+
; boundary_port         ; 6                           ;
; cycloneiii_ff         ; 16                          ;
;     CLR               ; 16                          ;
; cycloneiii_lcell_comb ; 36                          ;
;     arith             ; 6                           ;
;         2 data inputs ; 6                           ;
;     normal            ; 30                          ;
;         1 data inputs ; 1                           ;
;         2 data inputs ; 1                           ;
;         3 data inputs ; 8                           ;
;         4 data inputs ; 20                          ;
;                       ;                             ;
; Max LUT depth         ; 3.00                        ;
; Average LUT depth     ; 2.36                        ;
+-----------------------+-----------------------------+


+-------------------------------+
; Elapsed Time Per Partition    ;
+----------------+--------------+
; Partition Name ; Elapsed Time ;
+----------------+--------------+
; Top            ; 00:00:00     ;
+----------------+--------------+


+-------------------------------+
; Analysis & Synthesis Messages ;
+-------------------------------+
Info: *******************************************************************
Info: Running Quartus Prime Analysis & Synthesis
    Info: Version 20.1.0 Build 711 06/05/2020 SJ Lite Edition
    Info: Processing started: Sun Jun 08 04:18:55 2025
Info: Command: quartus_map --read_settings_files=on --write_settings_files=off SerCommunication -c SerCommunication
Warning (18236): Number of processors has not been specified which may cause overloading on shared machines.  Set the global assignment NUM_PARALLEL_PROCESSORS in your QSF to an appropriate value for best performance.
Info (20030): Parallel compilation is enabled and will use 6 of the 6 processors detected
Info (12021): Found 1 design units, including 1 entities, in source file sercommunication.v
    Info (12023): Found entity 1: SerCommunication File: D:/University/4th Semester/Digital Systems 1/CA5/Qu/Full/SerCommunication.v Line: 2
Info (12021): Found 1 design units, including 1 entities, in source file transmitter.v
    Info (12023): Found entity 1: Transmitter File: D:/University/4th Semester/Digital Systems 1/CA5/Qu/Full/Transmitter.v Line: 2
Info (12021): Found 1 design units, including 1 entities, in source file sequencedetector.v
    Info (12023): Found entity 1: s10000001detector File: D:/University/4th Semester/Digital Systems 1/CA5/Qu/Full/SequenceDetector.v Line: 2
Info (12021): Found 1 design units, including 1 entities, in source file counter_8.v
    Info (12023): Found entity 1: Counter_8 File: D:/University/4th Semester/Digital Systems 1/CA5/Qu/Full/Counter_8.v Line: 2
Info (12021): Found 1 design units, including 1 entities, in source file counter.v
    Info (12023): Found entity 1: Counter_3 File: D:/University/4th Semester/Digital Systems 1/CA5/Qu/Full/Counter.v Line: 2
Info (12021): Found 1 design units, including 1 entities, in source file block1.bdf
    Info (12023): Found entity 1: Block1
Warning (10236): Verilog HDL Implicit Net warning at Counter_8.v(3): created implicit net for "lden" File: D:/University/4th Semester/Digital Systems 1/CA5/Qu/Full/Counter_8.v Line: 3
Warning (10236): Verilog HDL Implicit Net warning at Counter.v(3): created implicit net for "lden" File: D:/University/4th Semester/Digital Systems 1/CA5/Qu/Full/Counter.v Line: 3
Info (12127): Elaborating entity "SerCommunication" for the top level hierarchy
Info (12128): Elaborating entity "Transmitter" for hierarchy "Transmitter:transmitter" File: D:/University/4th Semester/Digital Systems 1/CA5/Qu/Full/SerCommunication.v Line: 8
Info (12128): Elaborating entity "Counter_8" for hierarchy "Transmitter:transmitter|Counter_8:cntr" File: D:/University/4th Semester/Digital Systems 1/CA5/Qu/Full/Transmitter.v Line: 11
Info (12128): Elaborating entity "s10000001detector" for hierarchy "s10000001detector:seqDetector" File: D:/University/4th Semester/Digital Systems 1/CA5/Qu/Full/SerCommunication.v Line: 10
Info (12128): Elaborating entity "Counter_3" for hierarchy "s10000001detector:seqDetector|Counter_3:cntr" File: D:/University/4th Semester/Digital Systems 1/CA5/Qu/Full/SequenceDetector.v Line: 9
Info (286030): Timing-Driven Synthesis is running
Info (17049): 4 registers lost all their fanouts during netlist optimizations.
Info (16010): Generating hard_block partition "hard_block:auto_generated_inst"
    Info (16011): Adding 0 node(s), including 0 DDIO, 0 PLL, 0 transceiver and 0 LCELL
Info (21057): Implemented 42 device resources after synthesis - the final resource count might be different
    Info (21058): Implemented 3 input pins
    Info (21059): Implemented 3 output pins
    Info (21061): Implemented 36 logic cells
Info: Quartus Prime Analysis & Synthesis was successful. 0 errors, 3 warnings
    Info: Peak virtual memory: 4859 megabytes
    Info: Processing ended: Sun Jun 08 04:19:06 2025
    Info: Elapsed time: 00:00:11
    Info: Total CPU time (on all processors): 00:00:17


